{"total": {"lines":{"total":1062,"covered":1062,"skipped":0,"pct":100},"statements":{"total":1062,"covered":1062,"skipped":0,"pct":100},"functions":{"total":75,"covered":75,"skipped":0,"pct":100},"branches":{"total":437,"covered":426,"skipped":0,"pct":97.48},"branchesTrue":{"total":0,"covered":0,"skipped":0,"pct":100}}
,"/home/runner/work/staty/staty/src/action.js": {"lines":{"total":101,"covered":101,"skipped":0,"pct":100},"functions":{"total":13,"covered":13,"skipped":0,"pct":100},"statements":{"total":101,"covered":101,"skipped":0,"pct":100},"branches":{"total":31,"covered":31,"skipped":0,"pct":100}}
,"/home/runner/work/staty/staty/src/batch.js": {"lines":{"total":15,"covered":15,"skipped":0,"pct":100},"functions":{"total":1,"covered":1,"skipped":0,"pct":100},"statements":{"total":15,"covered":15,"skipped":0,"pct":100},"branches":{"total":6,"covered":6,"skipped":0,"pct":100}}
,"/home/runner/work/staty/staty/src/clone.js": {"lines":{"total":63,"covered":63,"skipped":0,"pct":100},"functions":{"total":2,"covered":2,"skipped":0,"pct":100},"statements":{"total":63,"covered":63,"skipped":0,"pct":100},"branches":{"total":31,"covered":31,"skipped":0,"pct":100}}
,"/home/runner/work/staty/staty/src/constants.js": {"lines":{"total":16,"covered":16,"skipped":0,"pct":100},"functions":{"total":1,"covered":1,"skipped":0,"pct":100},"statements":{"total":16,"covered":16,"skipped":0,"pct":100},"branches":{"total":5,"covered":5,"skipped":0,"pct":100}}
,"/home/runner/work/staty/staty/src/index.js": {"lines":{"total":348,"covered":348,"skipped":0,"pct":100},"functions":{"total":16,"covered":16,"skipped":0,"pct":100},"statements":{"total":348,"covered":348,"skipped":0,"pct":100},"branches":{"total":123,"covered":117,"skipped":0,"pct":95.12}}
,"/home/runner/work/staty/staty/src/snapshot.js": {"lines":{"total":51,"covered":51,"skipped":0,"pct":100},"functions":{"total":3,"covered":3,"skipped":0,"pct":100},"statements":{"total":51,"covered":51,"skipped":0,"pct":100},"branches":{"total":20,"covered":20,"skipped":0,"pct":100}}
,"/home/runner/work/staty/staty/src/types/array.js": {"lines":{"total":45,"covered":45,"skipped":0,"pct":100},"functions":{"total":4,"covered":4,"skipped":0,"pct":100},"statements":{"total":45,"covered":45,"skipped":0,"pct":100},"branches":{"total":29,"covered":28,"skipped":0,"pct":96.55}}
,"/home/runner/work/staty/staty/src/types/internal.js": {"lines":{"total":166,"covered":166,"skipped":0,"pct":100},"functions":{"total":15,"covered":15,"skipped":0,"pct":100},"statements":{"total":166,"covered":166,"skipped":0,"pct":100},"branches":{"total":63,"covered":61,"skipped":0,"pct":96.82}}
,"/home/runner/work/staty/staty/src/types/map.js": {"lines":{"total":121,"covered":121,"skipped":0,"pct":100},"functions":{"total":8,"covered":8,"skipped":0,"pct":100},"statements":{"total":121,"covered":121,"skipped":0,"pct":100},"branches":{"total":67,"covered":65,"skipped":0,"pct":97.01}}
,"/home/runner/work/staty/staty/src/types/object.js": {"lines":{"total":2,"covered":2,"skipped":0,"pct":100},"functions":{"total":0,"covered":0,"skipped":0,"pct":100},"statements":{"total":2,"covered":2,"skipped":0,"pct":100},"branches":{"total":1,"covered":1,"skipped":0,"pct":100}}
,"/home/runner/work/staty/staty/src/types/ref.js": {"lines":{"total":30,"covered":30,"skipped":0,"pct":100},"functions":{"total":5,"covered":5,"skipped":0,"pct":100},"statements":{"total":30,"covered":30,"skipped":0,"pct":100},"branches":{"total":13,"covered":13,"skipped":0,"pct":100}}
,"/home/runner/work/staty/staty/src/types/set.js": {"lines":{"total":104,"covered":104,"skipped":0,"pct":100},"functions":{"total":7,"covered":7,"skipped":0,"pct":100},"statements":{"total":104,"covered":104,"skipped":0,"pct":100},"branches":{"total":48,"covered":48,"skipped":0,"pct":100}}
}
